<?xml version="1.0" encoding="UTF-8"?>
<!-- Generated by org.testng.reporters.JUnitXMLReporter -->
<testsuite ignored="0" hostname="DESKTOP-RUHSL4A" failures="0" tests="3" name="Default test" time="6.278" errors="0" timestamp="2023-06-09T23:51:42 IST">
  <testcase classname="rAghavPal.PutPatchDeleteExample" name="Delete" time="5.121"/>
  <testcase classname="rAghavPal.PutPatchDeleteExample" name="Patch" time="0.635"/>
  <testcase classname="rAghavPal.PutPatchDeleteExample" name="Put" time="0.388"/>
</testsuite> <!-- Default test -->
