<?xml version="1.0" encoding="UTF-8"?>
<!-- Generated by org.testng.reporters.JUnitXMLReporter -->
<testsuite ignored="3" hostname="DESKTOP-RUHSL4A" failures="0" tests="1" name="Default test" time="6.73" errors="0" timestamp="2023-06-10T14:22:54 IST">
  <testcase classname="NodeJsServerLocalAPI.TestOnLocalAPI" name="getreq" time="6.609"/>
  <testcase classname="NodeJsServerLocalAPI.TestOnLocalAPI" name="putreq" time="0.0">
    <ignored/>
  </testcase> <!-- putreq -->
  <testcase classname="NodeJsServerLocalAPI.TestOnLocalAPI" name="Deletereq" time="0.0">
    <ignored/>
  </testcase> <!-- Deletereq -->
  <testcase classname="NodeJsServerLocalAPI.TestOnLocalAPI" name="postreq" time="0.0">
    <ignored/>
  </testcase> <!-- postreq -->
</testsuite> <!-- Default test -->
