<?xml version="1.0" encoding="UTF-8"?>
<testng-results ignored="0" total="1" passed="1" failed="0" skipped="0">
  <reporter-output>
  </reporter-output>
  <suite started-at="2023-06-09T22:19:42 IST" name="Default suite" finished-at="2023-06-09T22:19:49 IST" duration-ms="6989">
    <groups>
    </groups>
    <test started-at="2023-06-09T22:19:42 IST" name="Default test" finished-at="2023-06-09T22:19:49 IST" duration-ms="6989">
      <class name="rAghavPal.PostGet">
        <test-method signature="getreq()[pri:0, instance:rAghavPal.PostGet@385c9627]" started-at="2023-06-09T22:19:42 IST" name="getreq" finished-at="2023-06-09T22:19:49 IST" duration-ms="6874" status="PASS">
          <reporter-output>
          </reporter-output>
        </test-method> <!-- getreq -->
      </class> <!-- rAghavPal.PostGet -->
    </test> <!-- Default test -->
  </suite> <!-- Default suite -->
</testng-results>
