<?xml version="1.0" encoding="UTF-8"?>
<testng-results ignored="0" total="1" passed="1" failed="0" skipped="0">
  <reporter-output>
  </reporter-output>
  <suite started-at="2023-06-08T00:25:45 IST" name="Default suite" finished-at="2023-06-08T00:25:50 IST" duration-ms="5072">
    <groups>
    </groups>
    <test started-at="2023-06-08T00:25:45 IST" name="Default test" finished-at="2023-06-08T00:25:50 IST" duration-ms="5072">
      <class name="rAghavPal.FirstTest">
        <test-method signature="Testing()[pri:0, instance:rAghavPal.FirstTest@399f45b1]" started-at="2023-06-08T00:25:45 IST" name="Testing" finished-at="2023-06-08T00:25:50 IST" duration-ms="4962" status="PASS">
          <reporter-output>
          </reporter-output>
        </test-method> <!-- Testing -->
      </class> <!-- rAghavPal.FirstTest -->
    </test> <!-- Default test -->
  </suite> <!-- Default suite -->
</testng-results>
